<?xml version="1.0" encoding="UTF-8"?>
<!-- Generated by org.testng.reporters.JUnitXMLReporter -->
<testsuite ignored="3" hostname="Tushar" failures="0" tests="1" name="Default test(failed)" time="5.096" errors="0" timestamp="2024-11-25T11:27:11 IST">
  <testcase classname="com.tests.TestClass1" name="TC2" time="0.141"/>
  <testcase classname="com.tests.TestClass1" name="TC1" time="0.0">
    <ignored/>
  </testcase> <!-- TC1 -->
  <testcase classname="com.tests.TestClass1" name="TC4" time="0.0">
    <ignored/>
  </testcase> <!-- TC4 -->
  <testcase classname="com.tests.TestClass1" name="TC3" time="0.0">
    <ignored/>
  </testcase> <!-- TC3 -->
</testsuite> <!-- Default test(failed) -->
