<?xml version="1.0" encoding="UTF-8"?>
<!-- Generated by org.testng.reporters.JUnitXMLReporter -->
<testsuite ignored="0" hostname="Tushar" failures="0" tests="4" name="ParallelMethodsTest" time="0.084" errors="0" timestamp="19 Jun 2025 13:00:36 GMT">
  <testcase classname="com.tests.TestClass1" name="@BeforeClass beforeClass" time="0.0">
    <failure type="org.testng.TestNGException" message="
Parameter &amp;apos;Browser&amp;apos; is required by BeforeClass on method beforeClass but has not been marked @Optional or defined
in E:\Git_Push_Three60\Three60\parallel.xml">
      <![CDATA[org.testng.TestNGException: 
Parameter 'Browser' is required by BeforeClass on method beforeClass but has not been marked @Optional or defined
in E:\Git_Push_Three60\Three60\parallel.xml
	at java.base/java.util.concurrent.ThreadPoolExecutor.runWorker(ThreadPoolExecutor.java:1144)
	at java.base/java.util.concurrent.ThreadPoolExecutor$Worker.run(ThreadPoolExecutor.java:642)
	at java.base/java.lang.Thread.run(Thread.java:1583)
... Removed 7 stack frames]]>
    </failure>
  </testcase> <!-- @BeforeClass beforeClass -->
  <testcase classname="com.tests.TestClass1" name="@BeforeMethod beforeMethod" time="0.0">
    <skipped/>
  </testcase> <!-- @BeforeMethod beforeMethod -->
  <testcase classname="com.tests.TestClass1" name="@BeforeMethod beforeMethod" time="0.0">
    <skipped/>
  </testcase> <!-- @BeforeMethod beforeMethod -->
  <testcase classname="com.tests.TestClass1" name="@BeforeMethod beforeMethod" time="0.0">
    <skipped/>
  </testcase> <!-- @BeforeMethod beforeMethod -->
  <testcase classname="com.tests.TestClass1" name="@BeforeMethod beforeMethod" time="0.0">
    <skipped/>
  </testcase> <!-- @BeforeMethod beforeMethod -->
  <testcase classname="com.tests.TestClass1" name="@AfterClass afterClass" time="0.0">
    <skipped/>
  </testcase> <!-- @AfterClass afterClass -->
  <testcase classname="com.tests.TestClass1" name="@AfterTest afterTest" time="0.0">
    <skipped/>
  </testcase> <!-- @AfterTest afterTest -->
  <testcase classname="com.tests.TestClass1" name="TC1" time="0.0">
    <skipped/>
  </testcase> <!-- TC1 -->
  <testcase classname="com.tests.TestClass1" name="TC3" time="0.0">
    <skipped/>
  </testcase> <!-- TC3 -->
  <testcase classname="com.tests.TestClass1" name="TC2" time="0.0">
    <skipped/>
  </testcase> <!-- TC2 -->
  <testcase classname="com.tests.TestClass1" name="TC4" time="0.0">
    <skipped/>
  </testcase> <!-- TC4 -->
</testsuite> <!-- ParallelMethodsTest -->
