<?xml version="1.0" encoding="UTF-8"?>
<!-- Generated by org.testng.reporters.JUnitXMLReporter -->
<testsuite ignored="3" hostname="Tushar" failures="0" tests="1" name="Test" time="12.644" errors="0" timestamp="11 Jun 2025 20:23:16 GMT">
  <testcase classname="com.tests.TestClass1" name="TC1" time="3.013"/>
  <testcase classname="com.tests.TestClass1" name="TC4" time="0.0">
    <ignored/>
  </testcase> <!-- TC4 -->
  <testcase classname="com.tests.TestClass1" name="TC3" time="0.0">
    <ignored/>
  </testcase> <!-- TC3 -->
  <testcase classname="com.tests.TestClass1" name="TC2" time="0.0">
    <ignored/>
  </testcase> <!-- TC2 -->
</testsuite> <!-- Test -->
