<?xml version="1.0" encoding="UTF-8"?>
<testng-results ignored="2" total="4" passed="2" failed="0" skipped="0">
  <reporter-output>
  </reporter-output>
  <suite started-at="2026-01-13T23:18:28 IST" name="Suite" finished-at="2026-01-13T23:18:49 IST" duration-ms="20690">
    <groups>
    </groups>
    <test started-at="2026-01-13T23:18:28 IST" name="Test" finished-at="2026-01-13T23:18:49 IST" duration-ms="20690">
      <class name="com.tests.TestClass1">
        <test-method is-config="true" signature="beforeTest()[pri:0, instance:com.tests.TestClass1@3bd82cf5]" started-at="2026-01-13T23:18:28 IST" name="beforeTest" finished-at="2026-01-13T23:18:28 IST" duration-ms="24" status="PASS">
          <reporter-output>
          </reporter-output>
        </test-method> <!-- beforeTest -->
        <test-method is-config="true" signature="beforeClass(java.lang.String)[pri:0, instance:com.tests.TestClass1@3bd82cf5]" started-at="2026-01-13T23:18:28 IST" name="beforeClass" finished-at="2026-01-13T23:18:34 IST" duration-ms="6053" status="PASS">
          <params>
            <param index="0">
              <value>
                <![CDATA[chrome]]>
              </value>
            </param>
          </params>
          <reporter-output>
          </reporter-output>
        </test-method> <!-- beforeClass -->
        <test-method is-config="true" signature="beforeMethod()[pri:0, instance:com.tests.TestClass1@3bd82cf5]" started-at="2026-01-13T23:18:34 IST" name="beforeMethod" finished-at="2026-01-13T23:18:34 IST" duration-ms="3" status="PASS">
          <reporter-output>
          </reporter-output>
        </test-method> <!-- beforeMethod -->
        <test-method is-config="true" signature="beforeMethod()[pri:0, instance:com.tests.TestClass1@3bd82cf5]" started-at="2026-01-13T23:18:34 IST" name="beforeMethod" finished-at="2026-01-13T23:18:34 IST" duration-ms="2" status="PASS">
          <reporter-output>
          </reporter-output>
        </test-method> <!-- beforeMethod -->
        <test-method signature="TC2()[pri:0, instance:com.tests.TestClass1@3bd82cf5]" started-at="2026-01-13T23:18:34 IST" name="TC2" finished-at="2026-01-13T23:18:49 IST" duration-ms="14540" status="PASS">
          <reporter-output>
          </reporter-output>
        </test-method> <!-- TC2 -->
        <test-method signature="TC4()[pri:0, instance:com.tests.TestClass1@3bd82cf5]" started-at="2026-01-13T23:18:34 IST" name="TC4" finished-at="2026-01-13T23:18:34 IST" duration-ms="36" status="PASS">
          <reporter-output>
          </reporter-output>
        </test-method> <!-- TC4 -->
        <test-method is-config="true" signature="afterMethod()[pri:0, instance:com.tests.TestClass1@3bd82cf5]" started-at="2026-01-13T23:18:34 IST" name="afterMethod" finished-at="2026-01-13T23:18:34 IST" duration-ms="1" status="PASS">
          <reporter-output>
          </reporter-output>
        </test-method> <!-- afterMethod -->
        <test-method is-config="true" signature="afterMethod()[pri:0, instance:com.tests.TestClass1@3bd82cf5]" started-at="2026-01-13T23:18:49 IST" name="afterMethod" finished-at="2026-01-13T23:18:49 IST" duration-ms="1" status="PASS">
          <reporter-output>
          </reporter-output>
        </test-method> <!-- afterMethod -->
        <test-method is-config="true" signature="afterClass()[pri:0, instance:com.tests.TestClass1@3bd82cf5]" started-at="2026-01-13T23:18:49 IST" name="afterClass" finished-at="2026-01-13T23:18:49 IST" duration-ms="1" status="PASS">
          <reporter-output>
          </reporter-output>
        </test-method> <!-- afterClass -->
        <test-method is-config="true" signature="afterTest()[pri:0, instance:com.tests.TestClass1@3bd82cf5]" started-at="2026-01-13T23:18:49 IST" name="afterTest" finished-at="2026-01-13T23:18:49 IST" duration-ms="2" status="PASS">
          <reporter-output>
          </reporter-output>
        </test-method> <!-- afterTest -->
      </class> <!-- com.tests.TestClass1 -->
    </test> <!-- Test -->
  </suite> <!-- Suite -->
</testng-results>
